TN:
SF:src/jwtwallet.errors.ts
FN:2,(anonymous_0)
FN:9,(anonymous_1)
FN:15,(anonymous_2)
FN:21,(anonymous_3)
FN:27,(anonymous_4)
FN:33,(anonymous_5)
FNF:6
FNH:6
FNDA:15,(anonymous_0)
FNDA:3,(anonymous_1)
FNDA:3,(anonymous_2)
FNDA:2,(anonymous_3)
FNDA:3,(anonymous_4)
FNDA:2,(anonymous_5)
DA:1,3
DA:3,15
DA:4,15
DA:8,3
DA:10,3
DA:14,3
DA:16,3
DA:20,3
DA:22,2
DA:26,3
DA:28,3
DA:32,3
DA:34,2
LF:13
LH:13
BRF:0
BRH:0
end_of_record
TN:
SF:src/jwtwallet.module-definition.ts
FN:11,(anonymous_0)
FNF:1
FNH:1
FNDA:18,(anonymous_0)
DA:1,3
DA:4,3
DA:11,18
LF:3
LH:3
BRF:0
BRH:0
end_of_record
TN:
SF:src/jwtwallet.module.ts
FN:12,(anonymous_1)
FNF:1
FNH:1
FNDA:7,(anonymous_1)
DA:1,1
DA:2,1
DA:3,1
DA:10,1
DA:12,8
LF:5
LH:5
BRF:0
BRH:0
end_of_record
TN:
SF:src/jwtwallet.service.ts
FN:42,(anonymous_10)
FN:56,(anonymous_11)
FN:60,(anonymous_12)
FN:67,(anonymous_13)
FN:86,(anonymous_14)
FN:115,(anonymous_15)
FN:130,(anonymous_16)
FN:158,(anonymous_17)
FN:186,(anonymous_18)
FN:187,(anonymous_19)
FN:194,(anonymous_20)
FN:197,(anonymous_21)
FNF:12
FNH:12
FNDA:44,(anonymous_10)
FNDA:2,(anonymous_11)
FNDA:1,(anonymous_12)
FNDA:2,(anonymous_13)
FNDA:2,(anonymous_14)
FNDA:3,(anonymous_15)
FNDA:2,(anonymous_16)
FNDA:4,(anonymous_17)
FNDA:3,(anonymous_18)
FNDA:3,(anonymous_19)
FNDA:6,(anonymous_20)
FNDA:6,(anonymous_21)
DA:1,2
DA:2,2
DA:5,2
DA:7,2
DA:9,2
DA:10,2
DA:11,2
DA:17,2
DA:27,2
DA:28,2
DA:29,2
DA:30,2
DA:32,44
DA:44,44
DA:45,44
DA:47,44
DA:48,44
DA:49,44
DA:50,44
DA:51,44
DA:52,44
DA:53,44
DA:57,2
DA:58,2
DA:60,2
DA:61,1
DA:64,2
DA:68,2
DA:69,2
DA:71,2
DA:73,2
DA:75,2
DA:76,2
DA:77,1
DA:81,1
DA:82,1
DA:87,2
DA:88,2
DA:89,2
DA:90,2
DA:110,1
DA:111,1
DA:117,3
DA:118,3
DA:120,3
DA:122,3
DA:131,2
DA:132,1
DA:133,1
DA:136,1
DA:147,1
DA:150,44
DA:159,4
DA:160,4
DA:161,1
DA:164,3
DA:165,3
DA:173,2
DA:178,2
DA:180,1
DA:181,1
DA:186,2
DA:187,3
DA:188,3
DA:189,1
DA:195,6
DA:198,6
DA:199,6
DA:200,1
DA:201,1
DA:204,5
DA:206,1
DA:209,4
DA:210,3
DA:211,1
DA:212,1
DA:216,2
DA:223,3
LF:78
LH:78
BRDA:50,0,0,41
BRDA:50,0,1,3
BRDA:50,1,0,44
BRDA:50,1,1,44
BRDA:53,2,0,43
BRDA:53,2,1,1
BRDA:53,3,0,44
BRDA:53,3,1,44
BRDA:117,4,0,2
BRDA:117,4,1,1
BRDA:117,5,0,3
BRDA:117,5,1,3
BRDA:131,6,0,1
BRDA:131,6,1,1
BRDA:160,7,0,1
BRDA:160,7,1,3
BRDA:160,8,0,4
BRDA:160,8,1,2
BRDA:188,9,0,1
BRDA:188,9,1,2
BRDA:199,10,0,1
BRDA:199,10,1,5
BRDA:204,11,0,1
BRDA:204,11,1,4
BRDA:204,12,0,5
BRDA:204,12,1,4
BRDA:210,13,0,1
BRDA:210,13,1,2
BRF:28
BRH:28
end_of_record
